<?xml version="1.0" encoding="UTF-8"?>
<!-- Generated by org.testng.reporters.JUnitXMLReporter -->
<testsuite ignored="0" hostname="MMLDVVIRAJU" failures="0" tests="6" name="Default test" time="45.423" errors="0" timestamp="2023-12-01T00:13:41 IST">
  <testcase classname="testspec.LoginTest" name="verify_user_signin_with_invalid_username_and_password" time="2.872"/>
  <testcase classname="testspec.LoginTest" name="verify_user_signin_with_invalid_username_and_password" time="1.704"/>
  <testcase classname="testspec.LoginTest" name="verify_user_signin_with_invalid_username_and_password" time="1.369"/>
  <testcase classname="testspec.LoginTest" name="verify_user_signin_with_invalid_username_and_password" time="2.126"/>
  <testcase classname="testspec.LoginTest" name="verify_user_signin_with_invalid_username_and_password" time="1.646"/>
  <testcase classname="testspec.LoginTest" name="verify_user_signin_with_invalid_username_and_password" time="2.008"/>
</testsuite> <!-- Default test -->
