<?xml version="1.0" encoding="UTF-8"?>
<testng-results ignored="0" total="1" passed="1" failed="0" skipped="0">
  <reporter-output>
  </reporter-output>
  <suite started-at="2023-12-01T22:42:33 IST" name="Default suite" finished-at="2023-12-01T22:43:49 IST" duration-ms="75812">
    <groups>
    </groups>
    <test started-at="2023-12-01T22:42:33 IST" name="Default test" finished-at="2023-12-01T22:43:49 IST" duration-ms="75812">
      <class name="testspec.ProfileTest">
        <test-method is-config="true" signature="navigateUrl()[pri:0, instance:testspec.ProfileTest@7e9131d5]" started-at="2023-12-01T22:42:33 IST" name="navigateUrl" finished-at="2023-12-01T22:43:45 IST" duration-ms="72341" status="PASS">
          <reporter-output>
          </reporter-output>
        </test-method> <!-- navigateUrl -->
        <test-method signature="verify_functional_buttons_are_displayed()[pri:0, instance:testspec.ProfileTest@7e9131d5]" started-at="2023-12-01T22:43:45 IST" name="verify_functional_buttons_are_displayed" finished-at="2023-12-01T22:43:48 IST" duration-ms="3070" status="PASS">
          <reporter-output>
          </reporter-output>
        </test-method> <!-- verify_functional_buttons_are_displayed -->
        <test-method is-config="true" signature="terminate()[pri:0, instance:testspec.ProfileTest@7e9131d5]" started-at="2023-12-01T22:43:48 IST" name="terminate" finished-at="2023-12-01T22:43:49 IST" duration-ms="340" status="PASS">
          <reporter-output>
          </reporter-output>
        </test-method> <!-- terminate -->
      </class> <!-- testspec.ProfileTest -->
    </test> <!-- Default test -->
  </suite> <!-- Default suite -->
</testng-results>
